<?xml version="1.0" encoding="UTF-8"?>
<!-- Generated by org.testng.reporters.JUnitReportReporter -->
<testsuite skipped="0" hostname="DESKTOP-9G0PQC3" name="com.sk.testngassignment.HomeWork5" tests="10" failures="0" timestamp="2021-06-01T18:15:14 IST" time="43.583" errors="0">
  <testcase name="launchBrowser" time="5.439" classname="com.sk.testngassignment.HomeWork5"/>
  <system-out/>
  <testcase name="navigate" time="7.777" classname="com.sk.testngassignment.HomeWork5"/>
  <system-out/>
  <testcase name="login" time="4.361" classname="com.sk.testngassignment.HomeWork5"/>
  <system-out/>
  <testcase name="flyWindowMinimize" time="2.106" classname="com.sk.testngassignment.HomeWork5"/>
  <system-out/>
  <testcase name="createCustomer" time="16.210" classname="com.sk.testngassignment.HomeWork5"/>
  <system-out/>
  <testcase name="createProject" time="3.102" classname="com.sk.testngassignment.HomeWork5"/>
  <system-out/>
  <testcase name="deleteProject" time="1.039" classname="com.sk.testngassignment.HomeWork5"/>
  <system-out/>
  <testcase name="deleteCustomer" time="2.141" classname="com.sk.testngassignment.HomeWork5"/>
  <system-out/>
  <testcase name="logOut" time="1.126" classname="com.sk.testngassignment.HomeWork5"/>
  <system-out/>
  <testcase name="closeApplication" time="0.282" classname="com.sk.testngassignment.HomeWork5"/>
  <system-out/>
</testsuite> <!-- com.sk.testngassignment.HomeWork5 -->
