<?xml version="1.0" encoding="UTF-8"?>
<!-- Generated by org.testng.reporters.JUnitReportReporter -->
<testsuite skipped="0" hostname="DESKTOP-9G0PQC3" name="com.sk.log4jassignment.HomeWork5" tests="10" failures="0" timestamp="2021-06-04T17:47:10 IST" time="39.774" errors="0">
  <testcase name="launchBrowser" time="4.272" classname="com.sk.log4jassignment.HomeWork5"/>
  <system-out/>
  <testcase name="navigate" time="5.075" classname="com.sk.log4jassignment.HomeWork5"/>
  <system-out/>
  <testcase name="login" time="4.377" classname="com.sk.log4jassignment.HomeWork5"/>
  <system-out/>
  <testcase name="flyWindowMinimize" time="2.144" classname="com.sk.log4jassignment.HomeWork5"/>
  <system-out/>
  <testcase name="createCustomer" time="15.969" classname="com.sk.log4jassignment.HomeWork5"/>
  <system-out/>
  <testcase name="createProject" time="3.360" classname="com.sk.log4jassignment.HomeWork5"/>
  <system-out/>
  <testcase name="deleteProject" time="1.043" classname="com.sk.log4jassignment.HomeWork5"/>
  <system-out/>
  <testcase name="deleteCustomer" time="2.125" classname="com.sk.log4jassignment.HomeWork5"/>
  <system-out/>
  <testcase name="logOut" time="1.153" classname="com.sk.log4jassignment.HomeWork5"/>
  <system-out/>
  <testcase name="closeApplication" time="0.256" classname="com.sk.log4jassignment.HomeWork5"/>
  <system-out/>
</testsuite> <!-- com.sk.log4jassignment.HomeWork5 -->
