<?xml version="1.0" encoding="UTF-8"?>
<!-- Generated by org.testng.reporters.JUnitReportReporter -->
<testsuite skipped="0" hostname="DESKTOP-9G0PQC3" name="com.sk.log4jassignment.homeWork3" tests="9" failures="0" timestamp="2021-06-04T17:37:50 IST" time="32.767" errors="0">
  <testcase name="launchBrowser" time="4.327" classname="com.sk.log4jassignment.homeWork3"/>
  <system-out/>
  <testcase name="navigate" time="7.391" classname="com.sk.log4jassignment.homeWork3"/>
  <system-out/>
  <testcase name="login" time="4.468" classname="com.sk.log4jassignment.homeWork3"/>
  <system-out/>
  <testcase name="flyWindowMinimize" time="2.124" classname="com.sk.log4jassignment.homeWork3"/>
  <system-out/>
  <testcase name="createUser" time="10.589" classname="com.sk.log4jassignment.homeWork3"/>
  <system-out/>
  <testcase name="modifyUser" time="1.321" classname="com.sk.log4jassignment.homeWork3"/>
  <system-out/>
  <testcase name="deleteUser" time="1.097" classname="com.sk.log4jassignment.homeWork3"/>
  <system-out/>
  <testcase name="logOut" time="1.125" classname="com.sk.log4jassignment.homeWork3"/>
  <system-out/>
  <testcase name="closeApplication" time="0.325" classname="com.sk.log4jassignment.homeWork3"/>
  <system-out/>
</testsuite> <!-- com.sk.log4jassignment.homeWork3 -->
