<?xml version="1.0" encoding="UTF-8"?>
<!-- Generated by org.testng.reporters.JUnitReportReporter -->
<testsuite skipped="0" hostname="DESKTOP-9G0PQC3" name="com.sk.log4jassignment.HomeWork7" tests="12" failures="0" timestamp="2021-06-04T16:58:32 IST" time="61.260" errors="0">
  <testcase name="launchBrowser" time="1.732" classname="com.sk.log4jassignment.HomeWork7"/>
  <system-out/>
  <testcase name="navigate" time="8.963" classname="com.sk.log4jassignment.HomeWork7"/>
  <system-out/>
  <testcase name="login" time="4.333" classname="com.sk.log4jassignment.HomeWork7"/>
  <system-out/>
  <testcase name="flyWindowMinimize" time="2.100" classname="com.sk.log4jassignment.HomeWork7"/>
  <system-out/>
  <testcase name="createCustomer" time="9.401" classname="com.sk.log4jassignment.HomeWork7"/>
  <system-out/>
  <testcase name="createProject" time="6.888" classname="com.sk.log4jassignment.HomeWork7"/>
  <system-out/>
  <testcase name="createTask" time="4.746" classname="com.sk.log4jassignment.HomeWork7"/>
  <system-out/>
  <testcase name="deleteTask" time="6.754" classname="com.sk.log4jassignment.HomeWork7"/>
  <system-out/>
  <testcase name="deleteProject" time="7.811" classname="com.sk.log4jassignment.HomeWork7"/>
  <system-out/>
  <testcase name="deleteCustomer" time="6.799" classname="com.sk.log4jassignment.HomeWork7"/>
  <system-out/>
  <testcase name="logOut" time="1.560" classname="com.sk.log4jassignment.HomeWork7"/>
  <system-out/>
  <testcase name="closeApplication" time="0.173" classname="com.sk.log4jassignment.HomeWork7"/>
  <system-out/>
</testsuite> <!-- com.sk.log4jassignment.HomeWork7 -->
