<?xml version="1.0" encoding="UTF-8"?>
<!-- Generated by org.testng.reporters.JUnitReportReporter -->
<testsuite skipped="0" hostname="DESKTOP-9G0PQC3" name="com.sk.log4jassignment.HomeWork6" tests="11" failures="0" timestamp="2021-06-04T17:49:12 IST" time="59.065" errors="0">
  <testcase name="launchBrowser" time="5.330" classname="com.sk.log4jassignment.HomeWork6"/>
  <system-out/>
  <testcase name="navigate" time="5.095" classname="com.sk.log4jassignment.HomeWork6"/>
  <system-out/>
  <testcase name="login" time="4.404" classname="com.sk.log4jassignment.HomeWork6"/>
  <system-out/>
  <testcase name="flyWindowMinimize" time="2.170" classname="com.sk.log4jassignment.HomeWork6"/>
  <system-out/>
  <testcase name="createCustomer" time="15.927" classname="com.sk.log4jassignment.HomeWork6"/>
  <system-out/>
  <testcase name="createProject" time="9.707" classname="com.sk.log4jassignment.HomeWork6"/>
  <system-out/>
  <testcase name="modifyProject" time="0.246" classname="com.sk.log4jassignment.HomeWork6"/>
  <system-out/>
  <testcase name="deleteProject" time="7.775" classname="com.sk.log4jassignment.HomeWork6"/>
  <system-out/>
  <testcase name="deleteCustomer" time="6.712" classname="com.sk.log4jassignment.HomeWork6"/>
  <system-out/>
  <testcase name="logOut" time="1.383" classname="com.sk.log4jassignment.HomeWork6"/>
  <system-out/>
  <testcase name="closeApplication" time="0.316" classname="com.sk.log4jassignment.HomeWork6"/>
  <system-out/>
</testsuite> <!-- com.sk.log4jassignment.HomeWork6 -->
