<?xml version="1.0" encoding="UTF-8"?>
<!-- Generated by org.testng.reporters.JUnitReportReporter -->
<testsuite skipped="0" hostname="DESKTOP-9G0PQC3" name="com.sk.log4jassignment.HomeWork2" tests="9" failures="0" timestamp="2021-06-04T17:35:05 IST" time="39.559" errors="0">
  <testcase name="launchBrowser" time="5.504" classname="com.sk.log4jassignment.HomeWork2"/>
  <system-out/>
  <testcase name="navigate" time="5.304" classname="com.sk.log4jassignment.HomeWork2"/>
  <system-out/>
  <testcase name="login" time="4.349" classname="com.sk.log4jassignment.HomeWork2"/>
  <system-out/>
  <testcase name="flyWindowMinimize" time="2.165" classname="com.sk.log4jassignment.HomeWork2"/>
  <system-out/>
  <testcase name="createUser" time="8.882" classname="com.sk.log4jassignment.HomeWork2"/>
  <system-out/>
  <testcase name="modifyUser" time="6.574" classname="com.sk.log4jassignment.HomeWork2"/>
  <system-out/>
  <testcase name="deleteUser" time="1.390" classname="com.sk.log4jassignment.HomeWork2"/>
  <system-out/>
  <testcase name="logOut" time="1.165" classname="com.sk.log4jassignment.HomeWork2"/>
  <system-out/>
  <testcase name="closeApplication" time="4.226" classname="com.sk.log4jassignment.HomeWork2"/>
  <system-out/>
</testsuite> <!-- com.sk.log4jassignment.HomeWork2 -->
