<?xml version="1.0" encoding="UTF-8"?>
<!-- Generated by org.testng.reporters.JUnitReportReporter -->
<testsuite skipped="0" hostname="DESKTOP-9G0PQC3" name="com.sk.testngassignment.HomeWork6" tests="11" failures="0" timestamp="2021-06-01T18:15:14 IST" time="41.427" errors="0">
  <testcase name="launchBrowser" time="6.936" classname="com.sk.testngassignment.HomeWork6"/>
  <system-out/>
  <testcase name="navigate" time="4.163" classname="com.sk.testngassignment.HomeWork6"/>
  <system-out/>
  <testcase name="login" time="4.355" classname="com.sk.testngassignment.HomeWork6"/>
  <system-out/>
  <testcase name="flyWindowMinimize" time="2.119" classname="com.sk.testngassignment.HomeWork6"/>
  <system-out/>
  <testcase name="createCustomer" time="16.195" classname="com.sk.testngassignment.HomeWork6"/>
  <system-out/>
  <testcase name="createProject" time="3.094" classname="com.sk.testngassignment.HomeWork6"/>
  <system-out/>
  <testcase name="modifyProject" time="0.044" classname="com.sk.testngassignment.HomeWork6"/>
  <system-out/>
  <testcase name="deleteProject" time="1.049" classname="com.sk.testngassignment.HomeWork6"/>
  <system-out/>
  <testcase name="deleteCustomer" time="2.128" classname="com.sk.testngassignment.HomeWork6"/>
  <system-out/>
  <testcase name="logOut" time="1.124" classname="com.sk.testngassignment.HomeWork6"/>
  <system-out/>
  <testcase name="closeApplication" time="0.220" classname="com.sk.testngassignment.HomeWork6"/>
  <system-out/>
</testsuite> <!-- com.sk.testngassignment.HomeWork6 -->
