<?xml version="1.0" encoding="UTF-8"?>
<!-- Generated by org.testng.reporters.JUnitReportReporter -->
<testsuite skipped="0" hostname="DESKTOP-9G0PQC3" name="com.sk.log4jassignment.HomeWork4" tests="9" failures="0" timestamp="2021-06-04T17:39:53 IST" time="51.247" errors="0">
  <testcase name="launchBrowser" time="4.124" classname="com.sk.log4jassignment.HomeWork4"/>
  <system-out/>
  <testcase name="navigate" time="5.687" classname="com.sk.log4jassignment.HomeWork4"/>
  <system-out/>
  <testcase name="login" time="4.351" classname="com.sk.log4jassignment.HomeWork4"/>
  <system-out/>
  <testcase name="flyWindowMinimize" time="2.265" classname="com.sk.log4jassignment.HomeWork4"/>
  <system-out/>
  <testcase name="createCustomer" time="9.965" classname="com.sk.log4jassignment.HomeWork4"/>
  <system-out/>
  <testcase name="modifyCustomer" time="13.478" classname="com.sk.log4jassignment.HomeWork4"/>
  <system-out/>
  <testcase name="deleteCustomer" time="8.700" classname="com.sk.log4jassignment.HomeWork4"/>
  <system-out/>
  <testcase name="logOut" time="2.216" classname="com.sk.log4jassignment.HomeWork4"/>
  <system-out/>
  <testcase name="closeApplication" time="0.461" classname="com.sk.log4jassignment.HomeWork4"/>
  <system-out/>
</testsuite> <!-- com.sk.log4jassignment.HomeWork4 -->
