<?xml version="1.0" encoding="UTF-8"?>
<!-- Generated by org.testng.reporters.JUnitReportReporter -->
<testsuite skipped="0" hostname="DESKTOP-9G0PQC3" name="com.sk.testngassignment.HomeWork1a" tests="6" failures="0" timestamp="2021-06-01T14:37:09 IST" time="16.801" errors="0">
  <testcase name="launchBrowser" time="3.100" classname="com.sk.testngassignment.HomeWork1a"/>
  <system-out/>
  <testcase name="navigate" time="4.510" classname="com.sk.testngassignment.HomeWork1a"/>
  <system-out/>
  <testcase name="login" time="8.876" classname="com.sk.testngassignment.HomeWork1a"/>
  <system-out/>
  <testcase name="createUser" time="0.044" classname="com.sk.testngassignment.HomeWork1a"/>
  <system-out/>
  <testcase name="deleteUser" time="0.030" classname="com.sk.testngassignment.HomeWork1a"/>
  <system-out/>
  <testcase name="closeApplication" time="0.241" classname="com.sk.testngassignment.HomeWork1a"/>
  <system-out/>
</testsuite> <!-- com.sk.testngassignment.HomeWork1a -->
