<?xml version="1.0" encoding="UTF-8"?>
<!-- Generated by org.testng.reporters.JUnitReportReporter -->
<testsuite skipped="0" hostname="DESKTOP-9G0PQC3" name="com.sk.testngassignment.HomeWork2" tests="9" failures="0" timestamp="2021-06-01T18:15:14 IST" time="41.050" errors="0">
  <testcase name="launchBrowser" time="4.840" classname="com.sk.testngassignment.HomeWork2"/>
  <system-out/>
  <testcase name="navigate" time="8.834" classname="com.sk.testngassignment.HomeWork2"/>
  <system-out/>
  <testcase name="login" time="4.360" classname="com.sk.testngassignment.HomeWork2"/>
  <system-out/>
  <testcase name="flyWindowMinimize" time="2.123" classname="com.sk.testngassignment.HomeWork2"/>
  <system-out/>
  <testcase name="createUser" time="10.250" classname="com.sk.testngassignment.HomeWork2"/>
  <system-out/>
  <testcase name="modifyUser" time="6.771" classname="com.sk.testngassignment.HomeWork2"/>
  <system-out/>
  <testcase name="deleteUser" time="2.367" classname="com.sk.testngassignment.HomeWork2"/>
  <system-out/>
  <testcase name="logOut" time="1.152" classname="com.sk.testngassignment.HomeWork2"/>
  <system-out/>
  <testcase name="closeApplication" time="0.353" classname="com.sk.testngassignment.HomeWork2"/>
  <system-out/>
</testsuite> <!-- com.sk.testngassignment.HomeWork2 -->
