<?xml version="1.0" encoding="UTF-8"?>
<!-- Generated by org.testng.reporters.JUnitReportReporter -->
<testsuite skipped="0" hostname="DESKTOP-9G0PQC3" name="com.sk.log4jassignment.HomeWork9" tests="31" failures="0" timestamp="2021-06-04T16:58:32 IST" time="116.050" errors="0">
  <testcase name="launchBrowser" time="3.344" classname="com.sk.log4jassignment.HomeWork9"/>
  <system-out/>
  <testcase name="navigate" time="5.617" classname="com.sk.log4jassignment.HomeWork9"/>
  <system-out/>
  <testcase name="Adminlogin" time="2.497" classname="com.sk.log4jassignment.HomeWork9"/>
  <system-out/>
  <testcase name="minimizeFlyOutWindow" time="1.162" classname="com.sk.log4jassignment.HomeWork9"/>
  <system-out/>
  <testcase name="User1" time="10.915" classname="com.sk.log4jassignment.HomeWork9"/>
  <system-out/>
  <testcase name="logout" time="2.468" classname="com.sk.log4jassignment.HomeWork9"/>
  <system-out/>
  <testcase name="User1Loging" time="7.443" classname="com.sk.log4jassignment.HomeWork9"/>
  <system-out/>
  <testcase name="User2" time="12.293" classname="com.sk.log4jassignment.HomeWork9"/>
  <system-out/>
  <testcase name="User1logout" time="2.438" classname="com.sk.log4jassignment.HomeWork9"/>
  <system-out/>
  <testcase name="User2Loging" time="5.808" classname="com.sk.log4jassignment.HomeWork9"/>
  <system-out/>
  <testcase name="User3" time="1.172" classname="com.sk.log4jassignment.HomeWork9"/>
  <system-out/>
  <testcase name="User2Logout" time="1.234" classname="com.sk.log4jassignment.HomeWork9"/>
  <system-out/>
  <testcase name="Admin1login" time="0.039" classname="com.sk.log4jassignment.HomeWork9"/>
  <system-out/>
  <testcase name="ModifyUser1" time="1.131" classname="com.sk.log4jassignment.HomeWork9"/>
  <system-out/>
  <testcase name="Admin1logout" time="1.191" classname="com.sk.log4jassignment.HomeWork9"/>
  <system-out/>
  <testcase name="User1LogingAgain" time="0.031" classname="com.sk.log4jassignment.HomeWork9"/>
  <system-out/>
  <testcase name="ModifyUser2" time="14.601" classname="com.sk.log4jassignment.HomeWork9"/>
  <system-out/>
  <testcase name="User1logoutAgain" time="2.353" classname="com.sk.log4jassignment.HomeWork9"/>
  <system-out/>
  <testcase name="User2LogingAgain" time="2.505" classname="com.sk.log4jassignment.HomeWork9"/>
  <system-out/>
  <testcase name="ModifyUser3" time="14.159" classname="com.sk.log4jassignment.HomeWork9"/>
  <system-out/>
  <testcase name="User2LogoutAgain" time="2.469" classname="com.sk.log4jassignment.HomeWork9"/>
  <system-out/>
  <testcase name="User2LogingAgainAgain" time="2.549" classname="com.sk.log4jassignment.HomeWork9"/>
  <system-out/>
  <testcase name="deleteUser3" time="10.501" classname="com.sk.log4jassignment.HomeWork9"/>
  <system-out/>
  <testcase name="User2LogoutAgainAgain" time="2.888" classname="com.sk.log4jassignment.HomeWork9"/>
  <system-out/>
  <testcase name="User1LogingAgainAgain" time="2.502" classname="com.sk.log4jassignment.HomeWork9"/>
  <system-out/>
  <testcase name="deleteUser2" time="0.027" classname="com.sk.log4jassignment.HomeWork9"/>
  <system-out/>
  <testcase name="User1logoutAgainAgain" time="0.048" classname="com.sk.log4jassignment.HomeWork9"/>
  <system-out/>
  <testcase name="Admin1loginAgain" time="2.428" classname="com.sk.log4jassignment.HomeWork9"/>
  <system-out/>
  <testcase name="deleteUser1" time="0.040" classname="com.sk.log4jassignment.HomeWork9"/>
  <system-out/>
  <testcase name="Admin1logoutAgainAgain" time="0.043" classname="com.sk.log4jassignment.HomeWork9"/>
  <system-out/>
  <testcase name="closeApplication" time="0.154" classname="com.sk.log4jassignment.HomeWork9"/>
  <system-out/>
</testsuite> <!-- com.sk.log4jassignment.HomeWork9 -->
