<?xml version="1.0" encoding="UTF-8"?>
<!-- Generated by org.testng.reporters.JUnitReportReporter -->
<testsuite skipped="0" hostname="DESKTOP-9G0PQC3" name="com.sk.log4jassignment.HomeWork8" tests="20" failures="0" timestamp="2021-06-04T16:58:32 IST" time="154.322" errors="0">
  <testcase name="launchBrowser" time="2.624" classname="com.sk.log4jassignment.HomeWork8"/>
  <system-out/>
  <testcase name="navigate" time="6.014" classname="com.sk.log4jassignment.HomeWork8"/>
  <system-out/>
  <testcase name="Adminlogin" time="2.519" classname="com.sk.log4jassignment.HomeWork8"/>
  <system-out/>
  <testcase name="minimizeFlyOutWindow" time="1.167" classname="com.sk.log4jassignment.HomeWork8"/>
  <system-out/>
  <testcase name="User1" time="17.652" classname="com.sk.log4jassignment.HomeWork8"/>
  <system-out/>
  <testcase name="User2" time="14.294" classname="com.sk.log4jassignment.HomeWork8"/>
  <system-out/>
  <testcase name="User3" time="14.412" classname="com.sk.log4jassignment.HomeWork8"/>
  <system-out/>
  <testcase name="logout" time="2.839" classname="com.sk.log4jassignment.HomeWork8"/>
  <system-out/>
  <testcase name="User1Loging" time="32.512" classname="com.sk.log4jassignment.HomeWork8"/>
  <system-out/>
  <testcase name="User1logout" time="2.393" classname="com.sk.log4jassignment.HomeWork8"/>
  <system-out/>
  <testcase name="User2Loging" time="8.536" classname="com.sk.log4jassignment.HomeWork8"/>
  <system-out/>
  <testcase name="User2Logout" time="2.399" classname="com.sk.log4jassignment.HomeWork8"/>
  <system-out/>
  <testcase name="User3Loging" time="8.466" classname="com.sk.log4jassignment.HomeWork8"/>
  <system-out/>
  <testcase name="User3Logout" time="2.381" classname="com.sk.log4jassignment.HomeWork8"/>
  <system-out/>
  <testcase name="Admin1login" time="4.393" classname="com.sk.log4jassignment.HomeWork8"/>
  <system-out/>
  <testcase name="deleteUser1" time="10.173" classname="com.sk.log4jassignment.HomeWork8"/>
  <system-out/>
  <testcase name="deleteUser2" time="9.466" classname="com.sk.log4jassignment.HomeWork8"/>
  <system-out/>
  <testcase name="deleteUser3" time="9.446" classname="com.sk.log4jassignment.HomeWork8"/>
  <system-out/>
  <testcase name="Adminlogout" time="2.440" classname="com.sk.log4jassignment.HomeWork8"/>
  <system-out/>
  <testcase name="closeApplication" time="0.196" classname="com.sk.log4jassignment.HomeWork8"/>
  <system-out/>
</testsuite> <!-- com.sk.log4jassignment.HomeWork8 -->
