<?xml version="1.0" encoding="UTF-8"?>
<!-- Generated by org.testng.reporters.JUnitReportReporter -->
<testsuite skipped="0" hostname="DESKTOP-9G0PQC3" name="com.sk.testngassignment.HomeWork9" tests="31" failures="0" timestamp="2021-06-01T18:15:14 IST" time="15.512" errors="0">
  <testcase name="launchBrowser" time="8.245" classname="com.sk.testngassignment.HomeWork9"/>
  <system-out/>
  <testcase name="navigate" time="5.453" classname="com.sk.testngassignment.HomeWork9"/>
  <system-out/>
  <testcase name="Adminlogin" time="0.037" classname="com.sk.testngassignment.HomeWork9"/>
  <system-out/>
  <testcase name="minimizeFlyOutWindow" time="0.416" classname="com.sk.testngassignment.HomeWork9"/>
  <system-out/>
  <testcase name="User1" time="0.038" classname="com.sk.testngassignment.HomeWork9"/>
  <system-out/>
  <testcase name="logout" time="0.022" classname="com.sk.testngassignment.HomeWork9"/>
  <system-out/>
  <testcase name="User1Loging" time="0.026" classname="com.sk.testngassignment.HomeWork9"/>
  <system-out/>
  <testcase name="User2" time="0.029" classname="com.sk.testngassignment.HomeWork9"/>
  <system-out/>
  <testcase name="User1logout" time="0.028" classname="com.sk.testngassignment.HomeWork9"/>
  <system-out/>
  <testcase name="User2Loging" time="0.015" classname="com.sk.testngassignment.HomeWork9"/>
  <system-out/>
  <testcase name="User3" time="0.031" classname="com.sk.testngassignment.HomeWork9"/>
  <system-out/>
  <testcase name="User2Logout" time="0.029" classname="com.sk.testngassignment.HomeWork9"/>
  <system-out/>
  <testcase name="Admin1login" time="0.013" classname="com.sk.testngassignment.HomeWork9"/>
  <system-out/>
  <testcase name="ModifyUser1" time="0.016" classname="com.sk.testngassignment.HomeWork9"/>
  <system-out/>
  <testcase name="Admin1logout" time="0.015" classname="com.sk.testngassignment.HomeWork9"/>
  <system-out/>
  <testcase name="User1LogingAgain" time="0.033" classname="com.sk.testngassignment.HomeWork9"/>
  <system-out/>
  <testcase name="ModifyUser2" time="0.027" classname="com.sk.testngassignment.HomeWork9"/>
  <system-out/>
  <testcase name="User1logoutAgain" time="0.029" classname="com.sk.testngassignment.HomeWork9"/>
  <system-out/>
  <testcase name="User2LogingAgain" time="0.032" classname="com.sk.testngassignment.HomeWork9"/>
  <system-out/>
  <testcase name="ModifyUser3" time="0.026" classname="com.sk.testngassignment.HomeWork9"/>
  <system-out/>
  <testcase name="User2LogoutAgain" time="0.027" classname="com.sk.testngassignment.HomeWork9"/>
  <system-out/>
  <testcase name="User2LogingAgainAgain" time="0.019" classname="com.sk.testngassignment.HomeWork9"/>
  <system-out/>
  <testcase name="deleteUser3" time="0.031" classname="com.sk.testngassignment.HomeWork9"/>
  <system-out/>
  <testcase name="User2LogoutAgainAgain" time="0.026" classname="com.sk.testngassignment.HomeWork9"/>
  <system-out/>
  <testcase name="User1LogingAgainAgain" time="0.028" classname="com.sk.testngassignment.HomeWork9"/>
  <system-out/>
  <testcase name="deleteUser2" time="0.040" classname="com.sk.testngassignment.HomeWork9"/>
  <system-out/>
  <testcase name="User1logoutAgainAgain" time="0.021" classname="com.sk.testngassignment.HomeWork9"/>
  <system-out/>
  <testcase name="Admin1loginAgain" time="0.027" classname="com.sk.testngassignment.HomeWork9"/>
  <system-out/>
  <testcase name="deleteUser1" time="0.014" classname="com.sk.testngassignment.HomeWork9"/>
  <system-out/>
  <testcase name="Admin1logoutAgainAgain" time="0.021" classname="com.sk.testngassignment.HomeWork9"/>
  <system-out/>
  <testcase name="closeApplication" time="0.698" classname="com.sk.testngassignment.HomeWork9"/>
  <system-out/>
</testsuite> <!-- com.sk.testngassignment.HomeWork9 -->
