<?xml version="1.0" encoding="UTF-8"?>
<!-- Generated by org.testng.reporters.JUnitReportReporter -->
<testsuite skipped="0" hostname="DESKTOP-9G0PQC3" name="com.sk.testngassignment.HomeWork3" tests="8" failures="0" timestamp="2021-06-01T18:15:14 IST" time="35.842" errors="0">
  <testcase name="launchBrowser" time="5.013" classname="com.sk.testngassignment.HomeWork3"/>
  <system-out/>
  <testcase name="navigate" time="8.013" classname="com.sk.testngassignment.HomeWork3"/>
  <system-out/>
  <testcase name="login" time="4.353" classname="com.sk.testngassignment.HomeWork3"/>
  <system-out/>
  <testcase name="flyWindowMinimize" time="2.130" classname="com.sk.testngassignment.HomeWork3"/>
  <system-out/>
  <testcase name="createCustomer" time="7.698" classname="com.sk.testngassignment.HomeWork3"/>
  <system-out/>
  <testcase name="deleteCustomer" time="6.590" classname="com.sk.testngassignment.HomeWork3"/>
  <system-out/>
  <testcase name="logOut" time="1.886" classname="com.sk.testngassignment.HomeWork3"/>
  <system-out/>
  <testcase name="closeApplication" time="0.159" classname="com.sk.testngassignment.HomeWork3"/>
  <system-out/>
</testsuite> <!-- com.sk.testngassignment.HomeWork3 -->
