<?xml version="1.0" encoding="UTF-8"?>
<!-- Generated by org.testng.reporters.JUnitReportReporter -->
<testsuite skipped="0" hostname="DESKTOP-9G0PQC3" name="com.sk.testngassignment.HomeWork8" tests="12" failures="0" timestamp="2021-06-01T18:15:14 IST" time="35.783" errors="0">
  <testcase name="launchBrowser" time="4.925" classname="com.sk.testngassignment.HomeWork8"/>
  <system-out/>
  <testcase name="navigate" time="4.876" classname="com.sk.testngassignment.HomeWork8"/>
  <system-out/>
  <testcase name="login" time="4.335" classname="com.sk.testngassignment.HomeWork8"/>
  <system-out/>
  <testcase name="flyWindowMinimize" time="2.121" classname="com.sk.testngassignment.HomeWork8"/>
  <system-out/>
  <testcase name="createCustomer" time="8.948" classname="com.sk.testngassignment.HomeWork8"/>
  <system-out/>
  <testcase name="createProject" time="2.121" classname="com.sk.testngassignment.HomeWork8"/>
  <system-out/>
  <testcase name="createTask" time="2.175" classname="com.sk.testngassignment.HomeWork8"/>
  <system-out/>
  <testcase name="deleteTask" time="1.049" classname="com.sk.testngassignment.HomeWork8"/>
  <system-out/>
  <testcase name="deleteProject" time="1.043" classname="com.sk.testngassignment.HomeWork8"/>
  <system-out/>
  <testcase name="deleteCustomer" time="2.148" classname="com.sk.testngassignment.HomeWork8"/>
  <system-out/>
  <testcase name="logOut" time="1.140" classname="com.sk.testngassignment.HomeWork8"/>
  <system-out/>
  <testcase name="closeApplication" time="0.902" classname="com.sk.testngassignment.HomeWork8"/>
  <system-out/>
</testsuite> <!-- com.sk.testngassignment.HomeWork8 -->
