<?xml version="1.0" encoding="UTF-8"?>
<!-- Generated by org.testng.reporters.JUnitReportReporter -->
<testsuite skipped="0" hostname="DESKTOP-9G0PQC3" name="com.sk.testngassignment.HomeWork1" tests="8" failures="0" timestamp="2021-06-01T18:15:14 IST" time="50.468" errors="0">
  <testcase name="launchBrowser" time="10.408" classname="com.sk.testngassignment.HomeWork1"/>
  <system-out/>
  <testcase name="navigate" time="5.599" classname="com.sk.testngassignment.HomeWork1"/>
  <system-out/>
  <testcase name="login" time="4.417" classname="com.sk.testngassignment.HomeWork1"/>
  <system-out/>
  <testcase name="flyWindowMinimize" time="6.093" classname="com.sk.testngassignment.HomeWork1"/>
  <system-out/>
  <testcase name="createUser" time="20.333" classname="com.sk.testngassignment.HomeWork1"/>
  <system-out/>
  <testcase name="deleteUser" time="1.691" classname="com.sk.testngassignment.HomeWork1"/>
  <system-out/>
  <testcase name="logOut" time="1.246" classname="com.sk.testngassignment.HomeWork1"/>
  <system-out/>
  <testcase name="closeApplication" time="0.681" classname="com.sk.testngassignment.HomeWork1"/>
  <system-out/>
</testsuite> <!-- com.sk.testngassignment.HomeWork1 -->
