<?xml version="1.0" encoding="UTF-8"?>
<!-- Generated by org.testng.reporters.JUnitReportReporter -->
<testsuite skipped="0" hostname="DESKTOP-9G0PQC3" name="com.sk.testngassignment.HomeWork4" tests="9" failures="0" timestamp="2021-06-01T18:15:14 IST" time="37.757" errors="0">
  <testcase name="launchBrowser" time="4.484" classname="com.sk.testngassignment.HomeWork4"/>
  <system-out/>
  <testcase name="navigate" time="5.809" classname="com.sk.testngassignment.HomeWork4"/>
  <system-out/>
  <testcase name="login" time="4.338" classname="com.sk.testngassignment.HomeWork4"/>
  <system-out/>
  <testcase name="flyWindowMinimize" time="2.159" classname="com.sk.testngassignment.HomeWork4"/>
  <system-out/>
  <testcase name="createCustomer" time="6.909" classname="com.sk.testngassignment.HomeWork4"/>
  <system-out/>
  <testcase name="modifyCustomer" time="8.016" classname="com.sk.testngassignment.HomeWork4"/>
  <system-out/>
  <testcase name="deleteCustomer" time="3.435" classname="com.sk.testngassignment.HomeWork4"/>
  <system-out/>
  <testcase name="logOut" time="2.555" classname="com.sk.testngassignment.HomeWork4"/>
  <system-out/>
  <testcase name="closeApplication" time="0.052" classname="com.sk.testngassignment.HomeWork4"/>
  <system-out/>
</testsuite> <!-- com.sk.testngassignment.HomeWork4 -->
