<?xml version="1.0" encoding="UTF-8"?>
<!-- Generated by org.testng.reporters.JUnitReportReporter -->
<testsuite skipped="0" hostname="DESKTOP-9G0PQC3" name="com.sk.testngassignment.HomeWork7" tests="12" failures="0" timestamp="2021-06-01T18:15:14 IST" time="35.573" errors="0">
  <testcase name="launchBrowser" time="3.988" classname="com.sk.testngassignment.HomeWork7"/>
  <system-out/>
  <testcase name="navigate" time="6.045" classname="com.sk.testngassignment.HomeWork7"/>
  <system-out/>
  <testcase name="login" time="4.399" classname="com.sk.testngassignment.HomeWork7"/>
  <system-out/>
  <testcase name="flyWindowMinimize" time="2.112" classname="com.sk.testngassignment.HomeWork7"/>
  <system-out/>
  <testcase name="createCustomer" time="9.116" classname="com.sk.testngassignment.HomeWork7"/>
  <system-out/>
  <testcase name="createProject" time="2.091" classname="com.sk.testngassignment.HomeWork7"/>
  <system-out/>
  <testcase name="createTask" time="2.136" classname="com.sk.testngassignment.HomeWork7"/>
  <system-out/>
  <testcase name="deleteTask" time="1.042" classname="com.sk.testngassignment.HomeWork7"/>
  <system-out/>
  <testcase name="deleteProject" time="1.041" classname="com.sk.testngassignment.HomeWork7"/>
  <system-out/>
  <testcase name="deleteCustomer" time="2.137" classname="com.sk.testngassignment.HomeWork7"/>
  <system-out/>
  <testcase name="logOut" time="1.141" classname="com.sk.testngassignment.HomeWork7"/>
  <system-out/>
  <testcase name="closeApplication" time="0.325" classname="com.sk.testngassignment.HomeWork7"/>
  <system-out/>
</testsuite> <!-- com.sk.testngassignment.HomeWork7 -->
